<?xml version="1.0" encoding="UTF-8"?>
<!-- Generated by org.testng.reporters.JUnitReportReporter -->
<testsuite hostname="LB0193" failures="0" tests="3" name="day1.FirstTest" time="0.020" errors="0" timestamp="2023-06-14T23:53:20 IST" skipped="0">
  <testcase classname="day1.FirstTest" name="login" time="0.015"/>
  <testcase classname="day1.FirstTest" name="openapp" time="0.002"/>
  <testcase classname="day1.FirstTest" name="close" time="0.003"/>
</testsuite> <!-- day1.FirstTest -->
