<?xml version="1.0" encoding="UTF-8"?>
<!-- Generated by org.testng.reporters.JUnitReportReporter -->
<testsuite hostname="LB0193" failures="0" tests="1" name="rlogin.LoginTest" time="2.253" errors="0" timestamp="2023-07-04T10:56:27 IST" skipped="0">
  <testcase classname="rlogin.LoginTest" name="testLogin" time="2.253"/>
</testsuite> <!-- rlogin.LoginTest -->
